# JRE version: Java(TM) SE Runtime Environment (15.0.2+7) (build 15.0.2+7-27)
# Java VM: Java HotSpot(TM) 64-Bit Server VM (15.0.2+7-27, mixed mode, sharing, tiered, compressed oops, g1 gc, windows-amd64)
GC Precious Log:
 CPUs: 8 total, 8 available
 Memory: 7998M
 Large Page Support: Disabled
 NUMA Support: Disabled
 Compressed Oops: Enabled (32-bit)
 Heap Region Size: 1M
 Heap Min Capacity: 8M
 Heap Initial Capacity: 126M
 Heap Max Capacity: 2000M
 Pre-touch: Disabled
 Parallel Workers: 8
 Concurrent Workers: 2
 Concurrent Refinement Workers: 8
 Periodic GC: Disabled
Heap:
 garbage-first heap   total 129024K, used 45948K [0x0000000083000000, 0x0000000100000000)
  region size 1024K, 6 young (6144K), 2 survivors (2048K)
 Metaspace       used 72405K, capacity 73027K, committed 73324K, reserved 1114112K
  class space    used 9125K, capacity 9332K, committed 9420K, reserved 1048576K
GC Heap History (20 events):
Event: 9.588 GC heap before
{Heap before GC invocations=19 (full 0):
 garbage-first heap   total 89088K, used 71264K [0x0000000083000000, 0x0000000100000000)
  region size 1024K, 50 young (51200K), 4 survivors (4096K)
 Metaspace       used 50413K, capacity 50838K, committed 50988K, reserved 1093632K
  class space    used 6299K, capacity 6454K, committed 6528K, reserved 1048576K
}
Event: 9.595 GC heap after
{Heap after GC invocations=20 (full 0):
 garbage-first heap   total 89088K, used 24469K [0x0000000083000000, 0x0000000100000000)
  region size 1024K, 4 young (4096K), 4 survivors (4096K)
 Metaspace       used 50413K, capacity 50838K, committed 50988K, reserved 1093632K
  class space    used 6299K, capacity 6454K, committed 6528K, reserved 1048576K
}
Event: 10.446 GC heap before
{Heap before GC invocations=20 (full 0):
 garbage-first heap   total 89088K, used 72597K [0x0000000083000000, 0x0000000100000000)
  region size 1024K, 51 young (52224K), 4 survivors (4096K)
 Metaspace       used 54051K, capacity 54494K, committed 54700K, reserved 1097728K
  class space    used 6894K, capacity 7046K, committed 7168K, reserved 1048576K
}
Event: 10.455 GC heap after
{Heap after GC invocations=21 (full 0):
 garbage-first heap   total 89088K, used 25607K [0x0000000083000000, 0x0000000100000000)
  region size 1024K, 5 young (5120K), 5 survivors (5120K)
 Metaspace       used 54051K, capacity 54494K, committed 54700K, reserved 1097728K
  class space    used 6894K, capacity 7046K, committed 7168K, reserved 1048576K
}
Event: 11.183 GC heap before
{Heap before GC invocations=21 (full 0):
 garbage-first heap   total 89088K, used 73735K [0x0000000083000000, 0x0000000100000000)
  region size 1024K, 52 young (53248K), 5 survivors (5120K)
 Metaspace       used 57591K, capacity 58090K, committed 58156K, reserved 1099776K
  class space    used 7328K, capacity 7497K, committed 7552K, reserved 1048576K
}
Event: 11.191 GC heap after
{Heap after GC invocations=22 (full 0):
 garbage-first heap   total 89088K, used 27971K [0x0000000083000000, 0x0000000100000000)
  region size 1024K, 6 young (6144K), 6 survivors (6144K)
 Metaspace       used 57591K, capacity 58090K, committed 58156K, reserved 1099776K
  class space    used 7328K, capacity 7497K, committed 7552K, reserved 1048576K
}
Event: 11.379 GC heap before
{Heap before GC invocations=22 (full 0):
 garbage-first heap   total 89088K, used 42307K [0x0000000083000000, 0x0000000100000000)
  region size 1024K, 21 young (21504K), 6 survivors (6144K)
 Metaspace       used 59334K, capacity 59722K, committed 59808K, reserved 1101824K
  class space    used 7509K, capacity 7657K, committed 7680K, reserved 1048576K
}
Event: 11.386 GC heap after
{Heap after GC invocations=23 (full 0):
 garbage-first heap   total 107520K, used 28317K [0x0000000083000000, 0x0000000100000000)
  region size 1024K, 4 young (4096K), 4 survivors (4096K)
 Metaspace       used 59334K, capacity 59722K, committed 59808K, reserved 1101824K
  class space    used 7509K, capacity 7657K, committed 7680K, reserved 1048576K
}
Event: 12.345 GC heap before
{Heap before GC invocations=24 (full 0):
 garbage-first heap   total 107520K, used 88733K [0x0000000083000000, 0x0000000100000000)
  region size 1024K, 63 young (64512K), 4 survivors (4096K)
 Metaspace       used 62533K, capacity 63009K, committed 63212K, reserved 1103872K
  class space    used 7964K, capacity 8149K, committed 8268K, reserved 1048576K
}
Event: 12.353 GC heap after
{Heap after GC invocations=25 (full 0):
 garbage-first heap   total 107520K, used 31088K [0x0000000083000000, 0x0000000100000000)
  region size 1024K, 7 young (7168K), 7 survivors (7168K)
 Metaspace       used 62533K, capacity 63009K, committed 63212K, reserved 1103872K
  class space    used 7964K, capacity 8149K, committed 8268K, reserved 1048576K
}
Event: 13.346 GC heap before
{Heap before GC invocations=25 (full 0):
 garbage-first heap   total 107520K, used 87408K [0x0000000083000000, 0x0000000100000000)
  region size 1024K, 62 young (63488K), 7 survivors (7168K)
 Metaspace       used 64966K, capacity 65471K, committed 65772K, reserved 1105920K
  class space    used 8277K, capacity 8452K, committed 8524K, reserved 1048576K
}
Event: 13.356 GC heap after
{Heap after GC invocations=26 (full 0):
 garbage-first heap   total 107520K, used 34951K [0x0000000083000000, 0x0000000100000000)
  region size 1024K, 8 young (8192K), 8 survivors (8192K)
 Metaspace       used 64966K, capacity 65471K, committed 65772K, reserved 1105920K
  class space    used 8277K, capacity 8452K, committed 8524K, reserved 1048576K
}
Event: 14.508 GC heap before
{Heap before GC invocations=26 (full 0):
 garbage-first heap   total 107520K, used 86151K [0x0000000083000000, 0x0000000100000000)
  region size 1024K, 58 young (59392K), 8 survivors (8192K)
 Metaspace       used 66237K, capacity 66786K, committed 66924K, reserved 1107968K
  class space    used 8418K, capacity 8630K, committed 8652K, reserved 1048576K
}
Event: 14.520 GC heap after
{Heap after GC invocations=27 (full 0):
 garbage-first heap   total 107520K, used 36604K [0x0000000083000000, 0x0000000100000000)
  region size 1024K, 7 young (7168K), 7 survivors (7168K)
 Metaspace       used 66237K, capacity 66786K, committed 66924K, reserved 1107968K
  class space    used 8418K, capacity 8630K, committed 8652K, reserved 1048576K
}
Event: 16.068 GC heap before
{Heap before GC invocations=27 (full 0):
 garbage-first heap   total 107520K, used 86780K [0x0000000083000000, 0x0000000100000000)
  region size 1024K, 56 young (57344K), 7 survivors (7168K)
 Metaspace       used 66711K, capacity 67242K, committed 67436K, reserved 1107968K
  class space    used 8423K, capacity 8632K, committed 8652K, reserved 1048576K
}
Event: 16.081 GC heap after
{Heap after GC invocations=28 (full 0):
 garbage-first heap   total 129024K, used 40256K [0x0000000083000000, 0x0000000100000000)
  region size 1024K, 7 young (7168K), 7 survivors (7168K)
 Metaspace       used 66711K, capacity 67242K, committed 67436K, reserved 1107968K
  class space    used 8423K, capacity 8632K, committed 8652K, reserved 1048576K
}
Event: 18.132 GC heap before
{Heap before GC invocations=28 (full 0):
 garbage-first heap   total 129024K, used 104768K [0x0000000083000000, 0x0000000100000000)
  region size 1024K, 70 young (71680K), 7 survivors (7168K)
 Metaspace       used 67065K, capacity 67622K, committed 67692K, reserved 1107968K
  class space    used 8433K, capacity 8645K, committed 8652K, reserved 1048576K
}
Event: 18.148 GC heap after
{Heap after GC invocations=29 (full 0):
 garbage-first heap   total 129024K, used 44825K [0x0000000083000000, 0x0000000100000000)
  region size 1024K, 9 young (9216K), 9 survivors (9216K)
 Metaspace       used 67065K, capacity 67622K, committed 67692K, reserved 1107968K
  class space    used 8433K, capacity 8645K, committed 8652K, reserved 1048576K
}
Event: 29.798 GC heap before
{Heap before GC invocations=29 (full 0):
 garbage-first heap   total 129024K, used 104217K [0x0000000083000000, 0x0000000100000000)
  region size 1024K, 67 young (68608K), 9 survivors (9216K)
 Metaspace       used 72036K, capacity 72701K, committed 72812K, reserved 1112064K
  class space    used 9104K, capacity 9331K, committed 9420K, reserved 1048576K
}
Event: 29.808 GC heap after
{Heap after GC invocations=30 (full 0):
 garbage-first heap   total 129024K, used 42876K [0x0000000083000000, 0x0000000100000000)
  region size 1024K, 2 young (2048K), 2 survivors (2048K)
 Metaspace       used 72036K, capacity 72701K, committed 72812K, reserved 1112064K
  class space    used 9104K, capacity 9331K, committed 9420K, reserved 1048576K
}

